<?xml version="1.0" encoding="UTF-8"?>
<!-- Generated by org.testng.reporters.JUnitXMLReporter -->
<testsuite ignored="0" hostname="DESKTOP-33U6AKO" failures="0" tests="4" name="Default test" time="87.794" errors="0" timestamp="2025-07-19T21:54:32 IST">
  <testcase classname="testCases.TC001_Login" name="verifyLogin" time="4.321"/>
  <testcase classname="testCases.TC001_Login" name="verifyLogin" time="22.564"/>
  <testcase classname="testCases.TC001_Login" name="verifyLogin" time="23.105"/>
  <testcase classname="testCases.TC001_Login" name="verifyLogin" time="26.831"/>
</testsuite> <!-- Default test -->
