<?xml version="1.0" encoding="UTF-8"?>
<testng-results ignored="0" total="1" passed="1" failed="0" skipped="0">
  <reporter-output>
  </reporter-output>
  <suite started-at="2025-07-25T11:29:32 IST" name="Default suite" finished-at="2025-07-25T11:29:55 IST" duration-ms="22759">
    <groups>
    </groups>
    <test started-at="2025-07-25T11:29:32 IST" name="Default test" finished-at="2025-07-25T11:29:55 IST" duration-ms="22759">
      <class name="testCases.TC001_Login">
        <test-method is-config="true" signature="setup()[pri:0, instance:testCases.TC001_Login@346d61be]" started-at="2025-07-25T11:29:32 IST" name="setup" finished-at="2025-07-25T11:29:49 IST" duration-ms="16080" status="PASS">
          <reporter-output>
          </reporter-output>
        </test-method> <!-- setup -->
        <test-method signature="verifyLogin(java.lang.String,java.lang.String)[pri:0, instance:testCases.TC001_Login@346d61be]" started-at="2025-07-25T11:29:49 IST" name="verifyLogin" data-provider="testData" finished-at="2025-07-25T11:29:55 IST" duration-ms="6126" status="PASS">
          <params>
            <param index="0">
              <value>
                <![CDATA[abhishake@yopmail.com]]>
              </value>
            </param>
            <param index="1">
              <value>
                <![CDATA[test1234]]>
              </value>
            </param>
          </params>
          <reporter-output>
          </reporter-output>
        </test-method> <!-- verifyLogin -->
        <test-method is-config="true" signature="tearDown()[pri:0, instance:testCases.TC001_Login@346d61be]" started-at="2025-07-25T11:29:55 IST" name="tearDown" finished-at="2025-07-25T11:29:55 IST" duration-ms="426" status="PASS">
          <reporter-output>
          </reporter-output>
        </test-method> <!-- tearDown -->
      </class> <!-- testCases.TC001_Login -->
    </test> <!-- Default test -->
  </suite> <!-- Default suite -->
</testng-results>
