<?xml version="1.0" encoding="UTF-8"?>
<testng-results ignored="0" total="4" passed="4" failed="0" skipped="0">
  <reporter-output>
  </reporter-output>
  <suite started-at="2025-07-19T21:53:04 IST" name="Default suite" finished-at="2025-07-19T21:54:32 IST" duration-ms="87794">
    <groups>
    </groups>
    <test started-at="2025-07-19T21:53:04 IST" name="Default test" finished-at="2025-07-19T21:54:32 IST" duration-ms="87794">
      <class name="testCases.TC001_Login">
        <test-method is-config="true" signature="setup()[pri:0, instance:testCases.TC001_Login@346d61be]" started-at="2025-07-19T21:53:04 IST" name="setup" finished-at="2025-07-19T21:53:15 IST" duration-ms="10353" status="PASS">
          <reporter-output>
          </reporter-output>
        </test-method> <!-- setup -->
        <test-method signature="verifyLogin(java.lang.String,java.lang.String)[pri:0, instance:testCases.TC001_Login@346d61be]" started-at="2025-07-19T21:53:15 IST" name="verifyLogin" data-provider="testData" finished-at="2025-07-19T21:53:19 IST" duration-ms="4321" status="PASS">
          <params>
            <param index="0">
              <value>
                <![CDATA[re@gmail.com]]>
              </value>
            </param>
            <param index="1">
              <value>
                <![CDATA[1234]]>
              </value>
            </param>
          </params>
          <reporter-output>
          </reporter-output>
        </test-method> <!-- verifyLogin -->
        <test-method signature="verifyLogin(java.lang.String,java.lang.String)[pri:0, instance:testCases.TC001_Login@346d61be]" started-at="2025-07-19T21:53:19 IST" name="verifyLogin" data-provider="testData" finished-at="2025-07-19T21:53:42 IST" duration-ms="22564" status="PASS">
          <params>
            <param index="0">
              <value>
                <![CDATA[fef@gmail.com]]>
              </value>
            </param>
            <param index="1">
              <value>
                <![CDATA[51551]]>
              </value>
            </param>
          </params>
          <reporter-output>
          </reporter-output>
        </test-method> <!-- verifyLogin -->
        <test-method signature="verifyLogin(java.lang.String,java.lang.String)[pri:0, instance:testCases.TC001_Login@346d61be]" started-at="2025-07-19T21:53:42 IST" name="verifyLogin" data-provider="testData" finished-at="2025-07-19T21:54:05 IST" duration-ms="23105" status="PASS">
          <params>
            <param index="0">
              <value>
                <![CDATA[ga@gmail.com]]>
              </value>
            </param>
            <param index="1">
              <value>
                <![CDATA[ag689]]>
              </value>
            </param>
          </params>
          <reporter-output>
          </reporter-output>
        </test-method> <!-- verifyLogin -->
        <test-method signature="verifyLogin(java.lang.String,java.lang.String)[pri:0, instance:testCases.TC001_Login@346d61be]" started-at="2025-07-19T21:54:05 IST" name="verifyLogin" data-provider="testData" finished-at="2025-07-19T21:54:32 IST" duration-ms="26831" status="PASS">
          <params>
            <param index="0">
              <value>
                <![CDATA[abhishake@yopmail.com]]>
              </value>
            </param>
            <param index="1">
              <value>
                <![CDATA[test1234]]>
              </value>
            </param>
          </params>
          <reporter-output>
          </reporter-output>
        </test-method> <!-- verifyLogin -->
        <test-method is-config="true" signature="tearDown()[pri:0, instance:testCases.TC001_Login@346d61be]" started-at="2025-07-19T21:54:32 IST" name="tearDown" finished-at="2025-07-19T21:54:32 IST" duration-ms="494" status="PASS">
          <reporter-output>
          </reporter-output>
        </test-method> <!-- tearDown -->
      </class> <!-- testCases.TC001_Login -->
    </test> <!-- Default test -->
  </suite> <!-- Default suite -->
</testng-results>
